<?xml version="1.0" encoding="UTF-8"?>
<!-- Generated by org.testng.reporters.JUnitReportReporter -->
<testsuite hostname="LAPTOP-7UOI14JD" failures="0" tests="3" name="ecom.simplemavemproj1.PopitemsTest" time="88.574" errors="0" timestamp="05 Sep 2023 14:24:55 GMT" skipped="0">
  <testcase classname="ecom.simplemavemproj1.PopitemsTest" name="tabletest" time="29.917"/>
  <testcase classname="ecom.simplemavemproj1.PopitemsTest" name="laptoptest" time="32.160"/>
  <testcase classname="ecom.simplemavemproj1.PopitemsTest" name="spktest" time="26.497"/>
</testsuite> <!-- ecom.simplemavemproj1.PopitemsTest -->
