<?xml version="1.0" encoding="UTF-8"?>
<!-- Generated by org.testng.reporters.JUnitReportReporter -->
<testsuite hostname="LAPTOP-7UOI14JD" failures="0" tests="1" name="testinfopack.CheckingTextofpopItem" time="34.801" errors="0" timestamp="29 Aug 2023 14:51:55 GMT" skipped="0">
  <testcase classname="testinfopack.CheckingTextofpopItem" name="test1" time="34.801"/>
</testsuite> <!-- testinfopack.CheckingTextofpopItem -->
