<?xml version="1.0" encoding="UTF-8"?>
<!-- Generated by org.testng.reporters.JUnitReportReporter -->
<testsuite hostname="LAPTOP-7UOI14JD" failures="0" tests="1" name="ecom.simplemavemproj1.AppTest" time="0.008" errors="0" timestamp="25 Aug 2023 14:56:53 GMT" skipped="0">
  <testcase classname="ecom.simplemavemproj1.AppTest" name="shouldAnswerWithTrue" time="0.008"/>
</testsuite> <!-- ecom.simplemavemproj1.AppTest -->
